<?xml version="1.0" encoding="UTF-8"?>
<!-- Generated by org.testng.reporters.JUnitReportReporter -->
<testsuite skipped="0" hostname="DESKTOP-PVM46O2" name="testovi.LogIn" tests="1" failures="0" timestamp="2019-12-26T01:29:40 CET" time="59.900" errors="0">
  <testcase name="logIn" time="59.900" classname="testovi.LogIn"/>
</testsuite> <!-- testovi.LogIn -->
