<?xml version="1.0" encoding="UTF-8"?>
<!-- Generated by org.testng.reporters.JUnitReportReporter -->
<testsuite skipped="0" hostname="DESKTOP-PVM46O2" name="testovi.TestKorpa" tests="1" failures="0" timestamp="2019-12-26T19:35:12 CET" time="6.909" errors="0">
  <testcase name="f" time="6.909" classname="testovi.TestKorpa"/>
</testsuite> <!-- testovi.TestKorpa -->
