<?xml version="1.0" encoding="UTF-8"?>
<!-- Generated by org.testng.reporters.JUnitReportReporter -->
<testsuite skipped="0" hostname="DESKTOP-PVM46O2" name="testovi.TestEnterToStore" tests="2" failures="0" timestamp="2019-12-25T20:42:13 CET" time="6.629" errors="0">
  <testcase name="testEnterToStore" time="3.990" classname="testovi.TestEnterToStore"/>
  <testcase name="testUrl" time="2.639" classname="testovi.TestEnterToStore"/>
</testsuite> <!-- testovi.TestEnterToStore -->
