<?xml version="1.0" encoding="UTF-8"?>
<!-- Generated by org.testng.reporters.JUnitReportReporter -->
<testsuite skipped="0" hostname="DESKTOP-PVM46O2" name="testovi.TestSlikeMeni" tests="6" failures="0" timestamp="2019-12-25T23:07:23 CET" time="88.200" errors="0">
  <testcase name="a" time="26.342" classname="testovi.TestSlikeMeni"/>
  <testcase name="f" time="11.379" classname="testovi.TestSlikeMeni"/>
  <testcase name="c" time="14.547" classname="testovi.TestSlikeMeni"/>
  <testcase name="e" time="12.252" classname="testovi.TestSlikeMeni"/>
  <testcase name="d" time="13.351" classname="testovi.TestSlikeMeni"/>
  <testcase name="b" time="10.329" classname="testovi.TestSlikeMeni"/>
</testsuite> <!-- testovi.TestSlikeMeni -->
