<?xml version="1.0" encoding="UTF-8"?>
<!-- Generated by org.testng.reporters.JUnitReportReporter -->
<testsuite skipped="0" hostname="DESKTOP-PVM46O2" name="testovi.NewTest" tests="2" failures="0" timestamp="2019-12-24T21:12:21 CET" time="14.306" errors="0">
  <testcase name="testEnterToStore" time="9.087" classname="testovi.NewTest"/>
  <testcase name="testUrl" time="5.219" classname="testovi.NewTest"/>
</testsuite> <!-- testovi.NewTest -->
