<?xml version="1.0" encoding="UTF-8"?>
<!-- Generated by org.testng.reporters.JUnitReportReporter -->
<testsuite skipped="0" hostname="DESKTOP-PVM46O2" name="testovi.LogOut" tests="1" failures="0" timestamp="2019-12-26T16:17:23 CET" time="6.768" errors="0">
  <testcase name="logOut" time="6.768" classname="testovi.LogOut"/>
</testsuite> <!-- testovi.LogOut -->
